1722787626279:help
1722787704136:dl --t sanja --d 2024-07-15
1722787988774:help
1722788000884:dl --t sanja --d 2024-07-25
1722792716438:dl --t mica
1722792735903:dl --t mica --d
1722792750629:dl --t mica --d null
1722792774580:dl --t mica --d 2024-08-03
1722792789552:dl --t mica --d 2024-07-11
1722873768756:help
1722873820987:dl --t 0805_1803
1722873862447:dl --t 0805_1803 stacktrace
1722873874875:help stacktrace
1722873939156:dl --t 0805_1803
1722873943980:stacktrace
1722874838923:dl --t 0805_1820
1722874867505:dl --t 0805_1821 --d 20240804
1722874882194:dl --t 0805_1821 --d 20240731
1722874888973:dl --t 0805_1821 --d 20240729
1722874903710:stacktrace
1722875419592:dl --t 0805_1830
1722875470737:dl --t 0805_1831 --d bla
1722876473606:dl --t 0805_1847 --d bla
1722876499334:dl --t 0805_1848 --d 2024-07-29
1722876855019:dl --t 0805_1848 --d 2024-07-31
1722876863919:dl --t 0805_1848 --d 2024-08-01
1722877340375:dl --t 0805_0902 --d 2024-07-24
1722885985584:dl --d 2024-06-25 --t sanja
1722886036004:exit
